TN:
SF:/home/nineleaps/Internal/AssessmentSystem/WebApp/src/polyfills.ts
FNF:0
FNH:0
LF:0
LH:0
BRF:0
BRH:0
end_of_record
TN:
SF:/home/nineleaps/Internal/AssessmentSystem/WebApp/src/test.ts
FNF:0
FNH:0
DA:13,1
DA:18,1
DA:20,1
LF:3
LH:3
BRF:0
BRH:0
end_of_record
TN:
SF:/home/nineleaps/Internal/AssessmentSystem/WebApp/src/app/app.component.ts
FN:11,AppComponent
FNF:1
FNH:1
FNDA:3,AppComponent
DA:8,1
DA:9,3
DA:12,1
LF:3
LH:3
BRF:0
BRH:0
end_of_record
TN:
SF:/home/nineleaps/Internal/AssessmentSystem/WebApp/src/app/auth.guard.ts
FN:11,AuthGuard
FN:12,(anonymous_2)
FN:30,(anonymous_3)
FN:37,(anonymous_4)
FN:40,(anonymous_5)
FNF:5
FNH:0
FNDA:0,AuthGuard
FNDA:0,(anonymous_2)
FNDA:0,(anonymous_3)
FNDA:0,(anonymous_4)
FNDA:0,(anonymous_5)
DA:10,1
DA:11,0
DA:12,1
DA:14,0
DA:15,0
DA:16,0
DA:17,0
DA:19,0
DA:20,0
DA:24,0
DA:26,0
DA:27,0
DA:28,0
DA:30,1
DA:34,0
DA:37,1
DA:38,0
DA:39,0
DA:40,0
DA:42,0
DA:45,0
DA:47,1
LF:22
LH:5
BRDA:15,0,0,0
BRDA:15,0,1,0
BRF:2
BRH:0
end_of_record
TN:
SF:/home/nineleaps/Internal/AssessmentSystem/WebApp/src/app/core/home/home.component.ts
FN:16,HomeComponent
FN:29,(anonymous_2)
FN:42,(anonymous_3)
FN:44,(anonymous_4)
FN:57,(anonymous_5)
FN:59,(anonymous_6)
FN:85,(anonymous_7)
FNF:7
FNH:0
FNDA:0,HomeComponent
FNDA:0,(anonymous_2)
FNDA:0,(anonymous_3)
FNDA:0,(anonymous_4)
FNDA:0,(anonymous_5)
FNDA:0,(anonymous_6)
FNDA:0,(anonymous_7)
DA:14,1
DA:16,0
DA:17,0
DA:18,0
DA:19,0
DA:20,0
DA:22,0
DA:23,0
DA:24,0
DA:25,0
DA:26,0
DA:29,1
DA:30,0
DA:31,0
DA:42,0
DA:43,0
DA:45,0
DA:46,0
DA:47,0
DA:48,0
DA:50,0
DA:53,0
DA:57,0
DA:59,0
DA:60,0
DA:61,0
DA:62,0
DA:63,0
DA:64,0
DA:65,0
DA:66,0
DA:70,0
DA:71,0
DA:72,0
DA:75,0
DA:77,0
DA:80,0
DA:85,1
DA:88,0
DA:89,0
DA:93,0
DA:94,0
DA:97,0
DA:98,0
DA:101,0
DA:102,0
DA:106,1
LF:47
LH:4
BRDA:49,0,0,0
BRDA:49,0,1,0
BRDA:52,1,0,0
BRDA:52,1,1,0
BRDA:55,2,0,0
BRDA:55,2,1,0
BRF:6
BRH:0
end_of_record
TN:
SF:/home/nineleaps/Internal/AssessmentSystem/WebApp/src/app/core/http/http.service.ts
FN:15,HttpService
FN:17,(anonymous_2)
FN:21,(anonymous_3)
FN:25,(anonymous_4)
FN:29,(anonymous_5)
FN:33,(anonymous_6)
FN:37,(anonymous_7)
FN:41,(anonymous_8)
FN:45,(anonymous_9)
FN:49,(anonymous_10)
FN:53,(anonymous_11)
FN:57,(anonymous_12)
FN:61,(anonymous_13)
FN:65,(anonymous_14)
FN:69,(anonymous_15)
FN:73,(anonymous_16)
FN:77,(anonymous_17)
FN:81,(anonymous_18)
FN:85,(anonymous_19)
FN:89,(anonymous_20)
FN:93,(anonymous_21)
FN:97,(anonymous_22)
FN:101,(anonymous_23)
FN:105,(anonymous_24)
FN:109,(anonymous_25)
FN:113,(anonymous_26)
FN:117,(anonymous_27)
FN:121,(anonymous_28)
FN:125,(anonymous_29)
FN:133,(anonymous_30)
FN:137,(anonymous_31)
FN:141,(anonymous_32)
FN:145,(anonymous_33)
FN:153,(anonymous_34)
FN:157,(anonymous_35)
FN:162,(anonymous_36)
FN:166,(anonymous_37)
FN:170,(anonymous_38)
FN:174,(anonymous_39)
FN:178,(anonymous_40)
FN:182,(anonymous_41)
FN:186,(anonymous_42)
FN:190,(anonymous_43)
FN:194,(anonymous_44)
FN:198,(anonymous_45)
FN:202,(anonymous_46)
FN:206,(anonymous_47)
FN:210,(anonymous_48)
FN:215,(anonymous_49)
FN:219,(anonymous_50)
FN:223,(anonymous_51)
FN:227,(anonymous_52)
FN:231,(anonymous_53)
FN:235,(anonymous_54)
FN:239,(anonymous_55)
FN:243,(anonymous_56)
FN:247,(anonymous_57)
FN:251,(anonymous_58)
FNF:58
FNH:0
FNDA:0,HttpService
FNDA:0,(anonymous_2)
FNDA:0,(anonymous_3)
FNDA:0,(anonymous_4)
FNDA:0,(anonymous_5)
FNDA:0,(anonymous_6)
FNDA:0,(anonymous_7)
FNDA:0,(anonymous_8)
FNDA:0,(anonymous_9)
FNDA:0,(anonymous_10)
FNDA:0,(anonymous_11)
FNDA:0,(anonymous_12)
FNDA:0,(anonymous_13)
FNDA:0,(anonymous_14)
FNDA:0,(anonymous_15)
FNDA:0,(anonymous_16)
FNDA:0,(anonymous_17)
FNDA:0,(anonymous_18)
FNDA:0,(anonymous_19)
FNDA:0,(anonymous_20)
FNDA:0,(anonymous_21)
FNDA:0,(anonymous_22)
FNDA:0,(anonymous_23)
FNDA:0,(anonymous_24)
FNDA:0,(anonymous_25)
FNDA:0,(anonymous_26)
FNDA:0,(anonymous_27)
FNDA:0,(anonymous_28)
FNDA:0,(anonymous_29)
FNDA:0,(anonymous_30)
FNDA:0,(anonymous_31)
FNDA:0,(anonymous_32)
FNDA:0,(anonymous_33)
FNDA:0,(anonymous_34)
FNDA:0,(anonymous_35)
FNDA:0,(anonymous_36)
FNDA:0,(anonymous_37)
FNDA:0,(anonymous_38)
FNDA:0,(anonymous_39)
FNDA:0,(anonymous_40)
FNDA:0,(anonymous_41)
FNDA:0,(anonymous_42)
FNDA:0,(anonymous_43)
FNDA:0,(anonymous_44)
FNDA:0,(anonymous_45)
FNDA:0,(anonymous_46)
FNDA:0,(anonymous_47)
FNDA:0,(anonymous_48)
FNDA:0,(anonymous_49)
FNDA:0,(anonymous_50)
FNDA:0,(anonymous_51)
FNDA:0,(anonymous_52)
FNDA:0,(anonymous_53)
FNDA:0,(anonymous_54)
FNDA:0,(anonymous_55)
FNDA:0,(anonymous_56)
FNDA:0,(anonymous_57)
FNDA:0,(anonymous_58)
DA:11,1
DA:13,0
DA:15,0
DA:17,1
DA:18,0
DA:21,1
DA:22,0
DA:25,1
DA:26,0
DA:29,1
DA:30,0
DA:33,1
DA:34,0
DA:37,1
DA:38,0
DA:41,1
DA:42,0
DA:45,1
DA:46,0
DA:49,1
DA:50,0
DA:53,1
DA:54,0
DA:57,1
DA:58,0
DA:61,1
DA:62,0
DA:65,1
DA:66,0
DA:69,1
DA:70,0
DA:73,1
DA:74,0
DA:77,1
DA:78,0
DA:81,1
DA:82,0
DA:85,1
DA:86,0
DA:89,1
DA:90,0
DA:93,1
DA:94,0
DA:97,1
DA:98,0
DA:101,1
DA:102,0
DA:105,1
DA:106,0
DA:109,1
DA:110,0
DA:113,1
DA:114,0
DA:117,1
DA:118,0
DA:121,1
DA:122,0
DA:125,1
DA:127,0
DA:129,0
DA:133,1
DA:134,0
DA:137,1
DA:138,0
DA:141,1
DA:142,0
DA:145,1
DA:151,0
DA:153,1
DA:154,0
DA:157,1
DA:158,0
DA:162,1
DA:163,0
DA:166,1
DA:167,0
DA:170,1
DA:171,0
DA:174,1
DA:175,0
DA:178,1
DA:179,0
DA:182,1
DA:183,0
DA:186,1
DA:187,0
DA:190,1
DA:191,0
DA:194,1
DA:195,0
DA:198,1
DA:199,0
DA:202,1
DA:203,0
DA:206,1
DA:207,0
DA:210,1
DA:211,0
DA:212,0
DA:215,1
DA:216,0
DA:219,1
DA:220,0
DA:223,1
DA:224,0
DA:227,1
DA:228,0
DA:231,1
DA:232,0
DA:235,1
DA:236,0
DA:239,1
DA:240,0
DA:243,1
DA:244,0
DA:247,1
DA:248,0
DA:251,1
DA:252,0
DA:255,1
LF:120
LH:59
BRF:0
BRH:0
end_of_record
TN:
SF:/home/nineleaps/Internal/AssessmentSystem/WebApp/src/app/core/interceptors/http-interceptor/http-interceptor.component.ts
FN:11,HttpInterceptorComponent
FN:34,(anonymous_2)
FN:43,(anonymous_3)
FNF:3
FNH:0
FNDA:0,HttpInterceptorComponent
FNDA:0,(anonymous_2)
FNDA:0,(anonymous_3)
DA:10,1
DA:11,0
DA:13,0
DA:34,1
DA:35,0
DA:36,0
DA:37,0
DA:39,0
DA:43,1
DA:44,0
DA:45,0
DA:48,1
LF:12
LH:4
BRF:0
BRH:0
end_of_record
TN:
SF:/home/nineleaps/Internal/AssessmentSystem/WebApp/src/app/core/loader/loader.component.ts
FN:16,LoaderComponent
FNF:1
FNH:0
FNDA:0,LoaderComponent
DA:10,1
DA:11,0
DA:12,0
DA:13,0
DA:14,0
DA:16,0
DA:17,1
LF:7
LH:2
BRF:0
BRH:0
end_of_record
TN:
SF:/home/nineleaps/Internal/AssessmentSystem/WebApp/src/app/core/login/login.component.ts
FN:17,LoginComponent
FN:19,(anonymous_2)
FN:25,(anonymous_3)
FN:43,(anonymous_4)
FN:47,(anonymous_5)
FNF:5
FNH:0
FNDA:0,LoginComponent
FNDA:0,(anonymous_2)
FNDA:0,(anonymous_3)
FNDA:0,(anonymous_4)
FNDA:0,(anonymous_5)
DA:13,1
DA:17,0
DA:19,1
DA:20,0
DA:21,0
DA:22,0
DA:23,0
DA:24,0
DA:25,0
DA:26,0
DA:28,0
DA:29,0
DA:30,0
DA:31,0
DA:32,0
DA:33,0
DA:34,0
DA:35,0
DA:37,0
DA:40,0
DA:43,1
DA:44,0
DA:47,1
DA:48,0
DA:49,0
DA:52,1
LF:26
LH:5
BRF:0
BRH:0
end_of_record
TN:
SF:/home/nineleaps/Internal/AssessmentSystem/WebApp/src/app/features/content-creator/content-creator.component.ts
FN:10,ContentCreatorComponent
FN:12,(anonymous_2)
FNF:2
FNH:2
FNDA:1,ContentCreatorComponent
FNDA:1,(anonymous_2)
DA:8,1
DA:12,1
DA:15,1
LF:3
LH:3
BRF:0
BRH:0
end_of_record
TN:
SF:/home/nineleaps/Internal/AssessmentSystem/WebApp/src/app/features/content-creator/components/create-questions/create-questions.component.ts
FN:21,CreateQuestionsComponent
FN:26,(anonymous_2)
FN:45,(anonymous_3)
FN:51,(anonymous_4)
FN:69,(anonymous_5)
FN:73,(anonymous_6)
FNF:6
FNH:0
FNDA:0,CreateQuestionsComponent
FNDA:0,(anonymous_2)
FNDA:0,(anonymous_3)
FNDA:0,(anonymous_4)
FNDA:0,(anonymous_5)
FNDA:0,(anonymous_6)
DA:15,1
DA:18,0
DA:19,0
DA:21,0
DA:22,0
DA:23,0
DA:24,0
DA:26,1
DA:27,0
DA:29,0
DA:30,0
DA:34,0
DA:37,0
DA:45,0
DA:46,0
DA:48,0
DA:51,1
DA:53,0
DA:55,0
DA:69,1
DA:70,0
DA:73,1
DA:74,0
DA:76,0
DA:77,0
DA:78,0
DA:80,0
DA:81,0
DA:85,1
LF:29
LH:6
BRF:0
BRH:0
end_of_record
TN:
SF:/home/nineleaps/Internal/AssessmentSystem/WebApp/src/app/features/content-creator/components/main-nav/main-nav.component.ts
FN:20,MainNavComponent
FN:18,(anonymous_2)
FN:31,(anonymous_3)
FN:36,(anonymous_4)
FN:45,(anonymous_5)
FN:48,(anonymous_6)
FN:57,(anonymous_7)
FN:62,(anonymous_8)
FN:67,(anonymous_9)
FNF:9
FNH:0
FNDA:0,MainNavComponent
FNDA:0,(anonymous_2)
FNDA:0,(anonymous_3)
FNDA:0,(anonymous_4)
FNDA:0,(anonymous_5)
FNDA:0,(anonymous_6)
FNDA:0,(anonymous_7)
FNDA:0,(anonymous_8)
FNDA:0,(anonymous_9)
DA:15,1
DA:16,0
DA:18,0
DA:21,0
DA:22,0
DA:23,0
DA:24,0
DA:25,0
DA:29,0
DA:31,1
DA:32,0
DA:34,0
DA:36,0
DA:38,0
DA:39,0
DA:42,0
DA:45,1
DA:46,0
DA:47,0
DA:48,0
DA:50,0
DA:51,0
DA:54,0
DA:57,1
DA:58,0
DA:59,0
DA:62,1
DA:63,0
DA:64,0
DA:67,1
DA:68,0
DA:69,0
DA:71,1
LF:33
LH:7
BRF:0
BRH:0
end_of_record
TN:
SF:/home/nineleaps/Internal/AssessmentSystem/WebApp/src/app/features/content-creator/components/retrieve-question-bank/retrieve-question-bank.component.ts
FN:38,RetrieveQuestionBankComponent
FN:43,(anonymous_2)
FN:49,(anonymous_3)
FN:63,(anonymous_4)
FN:64,(anonymous_5)
FN:79,(anonymous_6)
FN:83,(anonymous_7)
FN:87,(anonymous_8)
FN:89,(anonymous_9)
FN:98,(anonymous_10)
FN:105,(anonymous_11)
FN:112,(anonymous_12)
FN:119,(anonymous_13)
FN:124,(anonymous_14)
FNF:14
FNH:0
FNDA:0,RetrieveQuestionBankComponent
FNDA:0,(anonymous_2)
FNDA:0,(anonymous_3)
FNDA:0,(anonymous_4)
FNDA:0,(anonymous_5)
FNDA:0,(anonymous_6)
FNDA:0,(anonymous_7)
FNDA:0,(anonymous_8)
FNDA:0,(anonymous_9)
FNDA:0,(anonymous_10)
FNDA:0,(anonymous_11)
FNDA:0,(anonymous_12)
FNDA:0,(anonymous_13)
FNDA:0,(anonymous_14)
DA:27,1
DA:28,0
DA:29,0
DA:31,0
DA:38,0
DA:39,0
DA:40,0
DA:41,0
DA:43,1
DA:44,0
DA:49,0
DA:50,0
DA:53,0
DA:56,0
DA:63,1
DA:64,0
DA:65,0
DA:67,0
DA:68,0
DA:69,0
DA:70,0
DA:71,0
DA:73,0
DA:76,0
DA:79,1
DA:80,0
DA:83,1
DA:84,0
DA:87,1
DA:89,0
DA:90,0
DA:91,0
DA:92,0
DA:93,0
DA:98,1
DA:99,0
DA:100,0
DA:101,0
DA:102,0
DA:103,0
DA:104,0
DA:105,0
DA:106,0
DA:107,0
DA:109,0
DA:112,1
DA:113,0
DA:114,0
DA:115,0
DA:116,0
DA:117,0
DA:118,0
DA:119,0
DA:121,0
DA:124,1
DA:125,0
DA:128,1
LF:57
LH:10
BRF:0
BRH:0
end_of_record
TN:
SF:/home/nineleaps/Internal/AssessmentSystem/WebApp/src/app/features/content-creator/components/retrieve-quiz/retrieve-quiz.component.ts
FN:29,RetrieveQuizComponent
FN:35,(anonymous_2)
FN:52,(anonymous_3)
FN:57,(anonymous_4)
FN:61,(anonymous_5)
FN:62,(anonymous_6)
FN:77,(anonymous_7)
FN:83,(anonymous_8)
FN:95,(anonymous_9)
FN:97,(anonymous_10)
FN:107,(anonymous_11)
FN:112,(anonymous_12)
FN:119,(anonymous_13)
FN:134,(anonymous_14)
FNF:14
FNH:0
FNDA:0,RetrieveQuizComponent
FNDA:0,(anonymous_2)
FNDA:0,(anonymous_3)
FNDA:0,(anonymous_4)
FNDA:0,(anonymous_5)
FNDA:0,(anonymous_6)
FNDA:0,(anonymous_7)
FNDA:0,(anonymous_8)
FNDA:0,(anonymous_9)
FNDA:0,(anonymous_10)
FNDA:0,(anonymous_11)
FNDA:0,(anonymous_12)
FNDA:0,(anonymous_13)
FNDA:0,(anonymous_14)
DA:19,1
DA:20,0
DA:23,0
DA:24,0
DA:29,0
DA:30,0
DA:31,0
DA:32,0
DA:33,0
DA:35,1
DA:36,0
DA:41,0
DA:52,0
DA:53,0
DA:57,1
DA:58,0
DA:61,1
DA:62,0
DA:63,0
DA:65,0
DA:66,0
DA:67,0
DA:68,0
DA:70,0
DA:71,0
DA:74,0
DA:77,1
DA:78,0
DA:79,0
DA:80,0
DA:81,0
DA:82,0
DA:83,0
DA:84,0
DA:85,0
DA:86,0
DA:87,0
DA:88,0
DA:89,0
DA:90,0
DA:92,0
DA:95,1
DA:97,0
DA:98,0
DA:99,0
DA:100,0
DA:101,0
DA:103,0
DA:107,1
DA:108,0
DA:109,0
DA:110,0
DA:111,0
DA:112,0
DA:113,0
DA:114,0
DA:115,0
DA:116,0
DA:117,0
DA:118,0
DA:119,0
DA:120,0
DA:121,0
DA:122,0
DA:123,0
DA:124,0
DA:125,0
DA:126,0
DA:127,0
DA:129,0
DA:131,0
DA:134,1
DA:135,0
DA:138,1
LF:74
LH:9
BRF:0
BRH:0
end_of_record
TN:
SF:/home/nineleaps/Internal/AssessmentSystem/WebApp/src/app/features/content-creator/components/retrieve-quiz/add-ques-in-quiz/add-ques-in-quiz.component.ts
FN:20,AddQuesInQuizComponent
FN:28,(anonymous_2)
FN:33,(anonymous_3)
FN:51,(anonymous_4)
FN:58,(anonymous_5)
FN:62,(anonymous_6)
FN:66,(anonymous_7)
FN:73,(anonymous_8)
FN:80,(anonymous_9)
FN:81,(anonymous_10)
FN:87,(anonymous_11)
FN:88,(anonymous_12)
FN:88,(anonymous_13)
FNF:13
FNH:0
FNDA:0,AddQuesInQuizComponent
FNDA:0,(anonymous_2)
FNDA:0,(anonymous_3)
FNDA:0,(anonymous_4)
FNDA:0,(anonymous_5)
FNDA:0,(anonymous_6)
FNDA:0,(anonymous_7)
FNDA:0,(anonymous_8)
FNDA:0,(anonymous_9)
FNDA:0,(anonymous_10)
FNDA:0,(anonymous_11)
FNDA:0,(anonymous_12)
FNDA:0,(anonymous_13)
DA:16,1
DA:20,0
DA:21,0
DA:22,0
DA:23,0
DA:24,0
DA:25,0
DA:26,0
DA:28,1
DA:29,0
DA:30,0
DA:33,1
DA:35,0
DA:37,0
DA:51,0
DA:52,0
DA:58,1
DA:59,0
DA:62,1
DA:63,0
DA:66,1
DA:67,0
DA:68,0
DA:69,0
DA:70,0
DA:71,0
DA:72,0
DA:73,0
DA:74,0
DA:75,0
DA:77,0
DA:80,1
DA:81,0
DA:82,0
DA:84,0
DA:87,1
DA:88,0
DA:89,0
DA:91,0
DA:92,0
DA:96,1
LF:41
LH:9
BRF:0
BRH:0
end_of_record
TN:
SF:/home/nineleaps/Internal/AssessmentSystem/WebApp/src/app/features/content-creator/components/retrieve-quiz/archive-quiz/archive-quiz.component.ts
FN:21,ArchiveQuizComponent
FN:24,(anonymous_2)
FN:40,(anonymous_3)
FN:45,(anonymous_4)
FN:49,(anonymous_5)
FN:50,(anonymous_6)
FN:64,(anonymous_7)
FN:66,(anonymous_8)
FN:77,(anonymous_9)
FNF:9
FNH:0
FNDA:0,ArchiveQuizComponent
FNDA:0,(anonymous_2)
FNDA:0,(anonymous_3)
FNDA:0,(anonymous_4)
FNDA:0,(anonymous_5)
FNDA:0,(anonymous_6)
FNDA:0,(anonymous_7)
FNDA:0,(anonymous_8)
FNDA:0,(anonymous_9)
DA:12,1
DA:13,0
DA:15,0
DA:16,0
DA:21,0
DA:22,0
DA:24,1
DA:25,0
DA:29,0
DA:39,0
DA:40,0
DA:41,0
DA:45,1
DA:46,0
DA:49,1
DA:50,0
DA:51,0
DA:53,0
DA:54,0
DA:55,0
DA:56,0
DA:57,0
DA:61,0
DA:64,1
DA:66,0
DA:67,0
DA:68,0
DA:69,0
DA:70,0
DA:71,0
DA:73,0
DA:77,1
DA:78,0
DA:81,1
LF:34
LH:7
BRF:0
BRH:0
end_of_record
TN:
SF:/home/nineleaps/Internal/AssessmentSystem/WebApp/src/app/features/content-creator/components/retrieve-quiz/create-quiz/create-quiz.component.ts
FN:31,CreateQuizComponent
FN:40,(anonymous_2)
FN:52,(anonymous_3)
FN:56,(anonymous_4)
FN:62,(anonymous_5)
FN:82,(anonymous_6)
FN:87,(anonymous_7)
FN:91,(anonymous_8)
FN:95,(anonymous_9)
FN:115,(anonymous_10)
FN:129,(anonymous_11)
FN:130,(anonymous_12)
FN:142,(anonymous_13)
FN:146,(anonymous_14)
FN:150,(anonymous_15)
FN:152,(anonymous_16)
FN:153,(anonymous_17)
FN:162,(anonymous_18)
FN:163,(anonymous_19)
FN:164,(anonymous_20)
FN:172,(anonymous_21)
FN:183,(anonymous_22)
FN:190,(anonymous_23)
FN:197,(anonymous_24)
FNF:24
FNH:0
FNDA:0,CreateQuizComponent
FNDA:0,(anonymous_2)
FNDA:0,(anonymous_3)
FNDA:0,(anonymous_4)
FNDA:0,(anonymous_5)
FNDA:0,(anonymous_6)
FNDA:0,(anonymous_7)
FNDA:0,(anonymous_8)
FNDA:0,(anonymous_9)
FNDA:0,(anonymous_10)
FNDA:0,(anonymous_11)
FNDA:0,(anonymous_12)
FNDA:0,(anonymous_13)
FNDA:0,(anonymous_14)
FNDA:0,(anonymous_15)
FNDA:0,(anonymous_16)
FNDA:0,(anonymous_17)
FNDA:0,(anonymous_18)
FNDA:0,(anonymous_19)
FNDA:0,(anonymous_20)
FNDA:0,(anonymous_21)
FNDA:0,(anonymous_22)
FNDA:0,(anonymous_23)
FNDA:0,(anonymous_24)
DA:15,1
DA:20,0
DA:21,0
DA:22,0
DA:32,0
DA:33,0
DA:34,0
DA:35,0
DA:36,0
DA:37,0
DA:40,1
DA:41,0
DA:49,0
DA:50,0
DA:51,0
DA:52,0
DA:53,0
DA:55,0
DA:56,0
DA:57,0
DA:59,0
DA:62,1
DA:64,0
DA:66,0
DA:79,0
DA:80,0
DA:82,0
DA:87,1
DA:88,0
DA:91,1
DA:92,0
DA:95,1
DA:97,0
DA:99,0
DA:101,0
DA:102,0
DA:103,0
DA:104,0
DA:105,0
DA:106,0
DA:108,0
DA:111,0
DA:113,0
DA:115,0
DA:117,0
DA:119,0
DA:121,0
DA:123,0
DA:125,0
DA:129,0
DA:130,0
DA:131,0
DA:132,0
DA:134,0
DA:136,0
DA:138,0
DA:142,1
DA:143,0
DA:146,1
DA:147,0
DA:150,1
DA:151,0
DA:152,0
DA:153,0
DA:154,0
DA:156,0
DA:157,0
DA:158,0
DA:162,1
DA:163,0
DA:164,0
DA:165,0
DA:166,0
DA:167,0
DA:169,0
DA:172,1
DA:173,0
DA:175,0
DA:176,0
DA:178,0
DA:183,1
DA:184,0
DA:185,0
DA:186,0
DA:187,0
DA:188,0
DA:189,0
DA:190,0
DA:191,0
DA:192,0
DA:194,0
DA:197,1
DA:199,0
DA:202,0
DA:206,1
LF:95
LH:14
BRF:0
BRH:0
end_of_record
TN:
SF:/home/nineleaps/Internal/AssessmentSystem/WebApp/src/app/features/content-creator/components/retrieve-quiz/update-quiz/update-quiz.component.ts
FN:21,UpdateQuizComponent
FN:29,(anonymous_2)
FN:34,(anonymous_3)
FN:35,(anonymous_4)
FN:41,(anonymous_5)
FN:43,(anonymous_6)
FN:51,(anonymous_7)
FN:56,(anonymous_8)
FN:63,(anonymous_9)
FN:72,(anonymous_10)
FN:79,(anonymous_11)
FN:89,(anonymous_12)
FNF:12
FNH:0
FNDA:0,UpdateQuizComponent
FNDA:0,(anonymous_2)
FNDA:0,(anonymous_3)
FNDA:0,(anonymous_4)
FNDA:0,(anonymous_5)
FNDA:0,(anonymous_6)
FNDA:0,(anonymous_7)
FNDA:0,(anonymous_8)
FNDA:0,(anonymous_9)
FNDA:0,(anonymous_10)
FNDA:0,(anonymous_11)
FNDA:0,(anonymous_12)
DA:17,1
DA:21,0
DA:22,0
DA:23,0
DA:24,0
DA:25,0
DA:26,0
DA:27,0
DA:29,1
DA:30,0
DA:31,0
DA:34,1
DA:35,0
DA:36,0
DA:38,0
DA:41,1
DA:43,0
DA:44,0
DA:45,0
DA:47,0
DA:51,1
DA:52,0
DA:53,0
DA:54,0
DA:55,0
DA:56,0
DA:57,0
DA:59,0
DA:60,0
DA:63,0
DA:64,0
DA:66,0
DA:69,0
DA:72,1
DA:73,0
DA:74,0
DA:75,0
DA:76,0
DA:77,0
DA:78,0
DA:79,0
DA:80,0
DA:81,0
DA:82,0
DA:83,0
DA:84,0
DA:86,0
DA:89,1
DA:90,0
DA:93,1
LF:50
LH:8
BRF:0
BRH:0
end_of_record
TN:
SF:/home/nineleaps/Internal/AssessmentSystem/WebApp/src/app/features/content-creator/components/tag/createtag/createtag.component.ts
FN:22,CreatetagComponent
FN:30,(anonymous_2)
FN:40,(anonymous_3)
FN:46,(anonymous_4)
FN:50,(anonymous_5)
FN:61,(anonymous_6)
FN:62,(anonymous_7)
FN:70,(anonymous_8)
FNF:8
FNH:0
FNDA:0,CreatetagComponent
FNDA:0,(anonymous_2)
FNDA:0,(anonymous_3)
FNDA:0,(anonymous_4)
FNDA:0,(anonymous_5)
FNDA:0,(anonymous_6)
FNDA:0,(anonymous_7)
FNDA:0,(anonymous_8)
DA:15,1
DA:17,0
DA:19,0
DA:20,0
DA:23,0
DA:24,0
DA:25,0
DA:26,0
DA:27,0
DA:28,0
DA:30,1
DA:31,0
DA:33,0
DA:34,0
DA:37,0
DA:38,0
DA:40,0
DA:41,0
DA:43,0
DA:46,1
DA:50,1
DA:52,0
DA:54,0
DA:61,1
DA:62,0
DA:63,0
DA:64,0
DA:65,0
DA:67,0
DA:70,1
DA:71,0
DA:73,0
DA:74,0
DA:77,0
DA:82,1
LF:35
LH:7
BRF:0
BRH:0
end_of_record
TN:
SF:/home/nineleaps/Internal/AssessmentSystem/WebApp/src/app/features/content-creator/components/tag/retrievetag/tag.component.ts
FN:24,TagComponent
FN:27,(anonymous_2)
FN:37,(anonymous_3)
FN:42,(anonymous_4)
FN:43,(anonymous_5)
FN:52,(anonymous_6)
FN:57,(anonymous_7)
FN:63,(anonymous_8)
FN:69,(anonymous_9)
FN:75,(anonymous_10)
FNF:10
FNH:0
FNDA:0,TagComponent
FNDA:0,(anonymous_2)
FNDA:0,(anonymous_3)
FNDA:0,(anonymous_4)
FNDA:0,(anonymous_5)
FNDA:0,(anonymous_6)
FNDA:0,(anonymous_7)
FNDA:0,(anonymous_8)
FNDA:0,(anonymous_9)
FNDA:0,(anonymous_10)
DA:15,1
DA:18,0
DA:19,0
DA:24,0
DA:25,0
DA:27,1
DA:28,0
DA:32,0
DA:37,0
DA:38,0
DA:42,1
DA:43,0
DA:44,0
DA:46,0
DA:49,0
DA:52,1
DA:53,0
DA:54,0
DA:55,0
DA:56,0
DA:57,0
DA:58,0
DA:60,0
DA:63,1
DA:64,0
DA:65,0
DA:66,0
DA:67,0
DA:68,0
DA:69,0
DA:70,0
DA:72,0
DA:75,1
DA:76,0
DA:79,1
LF:35
LH:7
BRF:0
BRH:0
end_of_record
TN:
SF:/home/nineleaps/Internal/AssessmentSystem/WebApp/src/app/features/content-creator/components/update-question/update-question.component.ts
FN:26,UpdateQuestionComponent
FN:33,(anonymous_2)
FN:52,(anonymous_3)
FN:58,(anonymous_4)
FN:78,(anonymous_5)
FN:82,(anonymous_6)
FN:92,(anonymous_7)
FN:93,(anonymous_8)
FNF:8
FNH:0
FNDA:0,UpdateQuestionComponent
FNDA:0,(anonymous_2)
FNDA:0,(anonymous_3)
FNDA:0,(anonymous_4)
FNDA:0,(anonymous_5)
FNDA:0,(anonymous_6)
FNDA:0,(anonymous_7)
FNDA:0,(anonymous_8)
DA:17,1
DA:20,0
DA:21,0
DA:23,0
DA:24,0
DA:26,0
DA:27,0
DA:28,0
DA:29,0
DA:30,0
DA:31,0
DA:33,1
DA:34,0
DA:36,0
DA:38,0
DA:41,0
DA:43,0
DA:51,0
DA:52,0
DA:53,0
DA:55,0
DA:58,1
DA:60,0
DA:62,0
DA:78,1
DA:79,0
DA:82,1
DA:83,0
DA:85,0
DA:86,0
DA:87,0
DA:88,0
DA:92,1
DA:93,0
DA:94,0
DA:95,0
DA:97,0
DA:100,1
LF:38
LH:7
BRF:0
BRH:0
end_of_record
TN:
SF:/home/nineleaps/Internal/AssessmentSystem/WebApp/src/app/features/content-creator/components/user-details/user-details.component.ts
FN:23,UserDetailsComponent
FN:27,(anonymous_2)
FN:36,(anonymous_3)
FN:37,(anonymous_4)
FN:45,(anonymous_5)
FN:46,(anonymous_6)
FNF:6
FNH:0
FNDA:0,UserDetailsComponent
FNDA:0,(anonymous_2)
FNDA:0,(anonymous_3)
FNDA:0,(anonymous_4)
FNDA:0,(anonymous_5)
FNDA:0,(anonymous_6)
DA:12,1
DA:21,0
DA:23,0
DA:24,0
DA:25,0
DA:27,1
DA:28,0
DA:29,0
DA:30,0
DA:31,0
DA:32,0
DA:33,0
DA:36,1
DA:37,0
DA:38,0
DA:39,0
DA:40,0
DA:42,0
DA:45,1
DA:46,0
DA:47,0
DA:48,0
DA:49,0
DA:50,0
DA:52,0
DA:55,1
LF:26
LH:5
BRF:0
BRH:0
end_of_record
TN:
SF:/home/nineleaps/Internal/AssessmentSystem/WebApp/src/app/features/content-creator/services/content-creator-service.service.ts
FN:28,ContentCreatorService
FN:30,(anonymous_2)
FN:39,(anonymous_3)
FN:46,(anonymous_4)
FN:53,(anonymous_5)
FN:60,(anonymous_6)
FN:63,(anonymous_7)
FN:69,(anonymous_8)
FN:72,(anonymous_9)
FNF:9
FNH:0
FNDA:0,ContentCreatorService
FNDA:0,(anonymous_2)
FNDA:0,(anonymous_3)
FNDA:0,(anonymous_4)
FNDA:0,(anonymous_5)
FNDA:0,(anonymous_6)
FNDA:0,(anonymous_7)
FNDA:0,(anonymous_8)
FNDA:0,(anonymous_9)
DA:11,1
DA:19,0
DA:23,0
DA:26,0
DA:28,0
DA:30,1
DA:31,0
DA:32,0
DA:33,0
DA:34,0
DA:36,0
DA:37,0
DA:39,0
DA:40,0
DA:42,0
DA:43,0
DA:46,1
DA:47,0
DA:48,0
DA:50,0
DA:51,0
DA:53,0
DA:54,0
DA:56,0
DA:57,0
DA:60,1
DA:61,0
DA:62,0
DA:63,0
DA:65,0
DA:66,0
DA:69,1
DA:70,0
DA:71,0
DA:72,0
DA:73,0
DA:76,0
DA:77,0
DA:80,1
LF:39
LH:6
BRF:0
BRH:0
end_of_record
TN:
SF:/home/nineleaps/Internal/AssessmentSystem/WebApp/src/app/features/employee/employee.component.ts
FN:23,EmployeeComponent
FN:27,(anonymous_2)
FN:36,(anonymous_3)
FN:37,(anonymous_4)
FN:44,(anonymous_5)
FN:45,(anonymous_6)
FNF:6
FNH:0
FNDA:0,EmployeeComponent
FNDA:0,(anonymous_2)
FNDA:0,(anonymous_3)
FNDA:0,(anonymous_4)
FNDA:0,(anonymous_5)
FNDA:0,(anonymous_6)
DA:11,1
DA:21,0
DA:23,0
DA:24,0
DA:25,0
DA:27,1
DA:28,0
DA:29,0
DA:30,0
DA:31,0
DA:32,0
DA:33,0
DA:36,1
DA:37,0
DA:38,0
DA:39,0
DA:40,0
DA:44,1
DA:45,0
DA:46,0
DA:47,0
DA:48,0
DA:49,0
DA:50,0
DA:52,0
DA:55,1
LF:26
LH:5
BRF:0
BRH:0
end_of_record
TN:
SF:/home/nineleaps/Internal/AssessmentSystem/WebApp/src/app/features/employee/components/detailed-report/detailed-report.component.ts
FN:50,DetailedReportComponent
FN:37,(anonymous_2)
FN:44,(anonymous_3)
FN:54,(anonymous_4)
FN:69,(anonymous_5)
FN:74,(anonymous_6)
FN:75,(anonymous_7)
FN:84,(anonymous_8)
FN:96,(anonymous_9)
FNF:9
FNH:0
FNDA:0,DetailedReportComponent
FNDA:0,(anonymous_2)
FNDA:0,(anonymous_3)
FNDA:0,(anonymous_4)
FNDA:0,(anonymous_5)
FNDA:0,(anonymous_6)
FNDA:0,(anonymous_7)
FNDA:0,(anonymous_8)
FNDA:0,(anonymous_9)
DA:15,1
DA:17,0
DA:18,0
DA:23,0
DA:24,0
DA:25,0
DA:29,0
DA:31,0
DA:32,0
DA:35,0
DA:38,0
DA:42,0
DA:45,0
DA:50,0
DA:51,0
DA:52,0
DA:54,1
DA:56,0
DA:58,0
DA:59,0
DA:60,0
DA:61,0
DA:62,0
DA:63,0
DA:64,0
DA:65,0
DA:69,0
DA:70,0
DA:74,1
DA:75,0
DA:76,0
DA:77,0
DA:78,0
DA:79,0
DA:81,0
DA:84,1
DA:87,0
DA:88,0
DA:90,0
DA:91,0
DA:96,1
DA:97,0
DA:100,1
LF:43
LH:6
BRF:0
BRH:0
end_of_record
TN:
SF:/home/nineleaps/Internal/AssessmentSystem/WebApp/src/app/features/employee/components/main-nav3/main-nav3.component.ts
FN:21,MainNav3Component
FN:18,(anonymous_2)
FN:28,(anonymous_3)
FN:30,(anonymous_4)
FN:39,(anonymous_5)
FN:42,(anonymous_6)
FN:51,(anonymous_7)
FN:56,(anonymous_8)
FNF:8
FNH:0
FNDA:0,MainNav3Component
FNDA:0,(anonymous_2)
FNDA:0,(anonymous_3)
FNDA:0,(anonymous_4)
FNDA:0,(anonymous_5)
FNDA:0,(anonymous_6)
FNDA:0,(anonymous_7)
FNDA:0,(anonymous_8)
DA:15,1
DA:16,0
DA:18,0
DA:22,0
DA:23,0
DA:24,0
DA:25,0
DA:28,1
DA:29,0
DA:30,0
DA:32,0
DA:33,0
DA:36,0
DA:39,1
DA:40,0
DA:41,0
DA:42,0
DA:44,0
DA:45,0
DA:48,0
DA:51,1
DA:52,0
DA:53,0
DA:56,1
DA:57,0
DA:58,0
DA:61,1
LF:27
LH:6
BRF:0
BRH:0
end_of_record
TN:
SF:/home/nineleaps/Internal/AssessmentSystem/WebApp/src/app/features/employee/components/mock/mock.component.ts
FN:24,MockComponent
FN:28,(anonymous_2)
FN:33,(anonymous_3)
FN:48,(anonymous_4)
FN:49,(anonymous_5)
FN:64,(anonymous_6)
FN:66,(anonymous_7)
FNF:7
FNH:0
FNDA:0,MockComponent
FNDA:0,(anonymous_2)
FNDA:0,(anonymous_3)
FNDA:0,(anonymous_4)
FNDA:0,(anonymous_5)
FNDA:0,(anonymous_6)
FNDA:0,(anonymous_7)
DA:13,1
DA:15,0
DA:16,0
DA:19,0
DA:24,0
DA:25,0
DA:26,0
DA:28,1
DA:29,0
DA:33,0
DA:34,0
DA:36,0
DA:45,0
DA:48,1
DA:49,0
DA:50,0
DA:52,0
DA:53,0
DA:54,0
DA:55,0
DA:57,0
DA:58,0
DA:61,0
DA:64,1
DA:65,0
DA:66,0
DA:68,0
DA:69,0
DA:70,0
DA:73,0
DA:74,0
DA:75,0
DA:77,0
DA:78,0
DA:79,0
DA:80,0
DA:81,0
DA:82,0
DA:84,0
DA:87,1
LF:40
LH:5
BRF:0
BRH:0
end_of_record
TN:
SF:/home/nineleaps/Internal/AssessmentSystem/WebApp/src/app/features/employee/components/mock-report/mock-report.component.ts
FN:22,MockReportComponent
FN:27,(anonymous_2)
FN:43,(anonymous_3)
FN:49,(anonymous_4)
FN:50,(anonymous_5)
FN:59,(anonymous_6)
FNF:6
FNH:0
FNDA:0,MockReportComponent
FNDA:0,(anonymous_2)
FNDA:0,(anonymous_3)
FNDA:0,(anonymous_4)
FNDA:0,(anonymous_5)
FNDA:0,(anonymous_6)
DA:13,1
DA:15,0
DA:16,0
DA:22,0
DA:23,0
DA:24,0
DA:25,0
DA:27,1
DA:28,0
DA:32,0
DA:43,0
DA:44,0
DA:49,1
DA:50,0
DA:51,0
DA:53,0
DA:56,0
DA:59,1
DA:60,0
DA:61,0
DA:62,0
DA:65,1
LF:22
LH:5
BRF:0
BRH:0
end_of_record
TN:
SF:/home/nineleaps/Internal/AssessmentSystem/WebApp/src/app/features/employee/components/non-mock/non-mock.component.ts
FN:23,NonMockComponent
FN:27,(anonymous_2)
FN:28,(anonymous_3)
FN:44,(anonymous_4)
FN:45,(anonymous_5)
FN:60,(anonymous_6)
FN:62,(anonymous_7)
FN:82,(anonymous_8)
FNF:8
FNH:0
FNDA:0,NonMockComponent
FNDA:0,(anonymous_2)
FNDA:0,(anonymous_3)
FNDA:0,(anonymous_4)
FNDA:0,(anonymous_5)
FNDA:0,(anonymous_6)
FNDA:0,(anonymous_7)
FNDA:0,(anonymous_8)
DA:12,1
DA:14,0
DA:16,0
DA:21,0
DA:23,0
DA:24,0
DA:25,0
DA:27,1
DA:28,0
DA:29,0
DA:31,0
DA:35,0
DA:41,0
DA:44,1
DA:45,0
DA:46,0
DA:48,0
DA:49,0
DA:50,0
DA:51,0
DA:53,0
DA:54,0
DA:57,0
DA:60,1
DA:61,0
DA:62,0
DA:64,0
DA:65,0
DA:66,0
DA:68,0
DA:69,0
DA:70,0
DA:72,0
DA:73,0
DA:74,0
DA:75,0
DA:76,0
DA:77,0
DA:79,0
DA:82,1
DA:83,0
DA:85,1
LF:42
LH:6
BRF:0
BRH:0
end_of_record
TN:
SF:/home/nineleaps/Internal/AssessmentSystem/WebApp/src/app/features/employee/components/non-mock-report/non-mock-report.component.ts
FN:23,NonMockReportComponent
FN:28,(anonymous_2)
FN:44,(anonymous_3)
FN:49,(anonymous_4)
FN:50,(anonymous_5)
FN:59,(anonymous_6)
FNF:6
FNH:0
FNDA:0,NonMockReportComponent
FNDA:0,(anonymous_2)
FNDA:0,(anonymous_3)
FNDA:0,(anonymous_4)
FNDA:0,(anonymous_5)
FNDA:0,(anonymous_6)
DA:14,1
DA:16,0
DA:17,0
DA:23,0
DA:24,0
DA:25,0
DA:26,0
DA:28,1
DA:29,0
DA:33,0
DA:44,0
DA:45,0
DA:49,1
DA:50,0
DA:51,0
DA:53,0
DA:56,0
DA:59,1
DA:60,0
DA:61,0
DA:62,0
DA:63,0
DA:66,1
LF:23
LH:5
BRF:0
BRH:0
end_of_record
TN:
SF:/home/nineleaps/Internal/AssessmentSystem/WebApp/src/app/features/employee/components/result/result.component.ts
FN:18,ResultComponent
FN:23,(anonymous_2)
FN:26,(anonymous_3)
FN:29,(anonymous_4)
FN:40,(anonymous_5)
FN:41,(anonymous_6)
FN:60,(anonymous_7)
FN:72,(anonymous_8)
FNF:8
FNH:0
FNDA:0,ResultComponent
FNDA:0,(anonymous_2)
FNDA:0,(anonymous_3)
FNDA:0,(anonymous_4)
FNDA:0,(anonymous_5)
FNDA:0,(anonymous_6)
FNDA:0,(anonymous_7)
FNDA:0,(anonymous_8)
DA:11,1
DA:14,0
DA:18,0
DA:19,0
DA:20,0
DA:21,0
DA:23,1
DA:24,0
DA:26,0
DA:27,0
DA:28,0
DA:29,0
DA:31,0
DA:33,0
DA:35,0
DA:37,0
DA:40,0
DA:41,0
DA:42,0
DA:43,0
DA:44,0
DA:46,0
DA:53,0
DA:54,0
DA:60,1
DA:62,0
DA:64,0
DA:66,0
DA:68,0
DA:72,1
DA:73,0
DA:74,0
DA:75,0
DA:76,0
DA:77,0
DA:78,0
DA:79,0
DA:82,1
LF:38
LH:5
BRF:0
BRH:0
end_of_record
TN:
SF:/home/nineleaps/Internal/AssessmentSystem/WebApp/src/app/features/employee/components/take-quiz/take-quiz.component.ts
FN:32,TakeQuizComponent
FN:38,(anonymous_2)
FN:67,(anonymous_3)
FN:71,(anonymous_4)
FN:75,preventDefaultAction
FN:83,(anonymous_6)
FN:84,(anonymous_7)
FN:98,(anonymous_8)
FN:110,(anonymous_9)
FN:112,(anonymous_10)
FN:126,(anonymous_11)
FN:127,(anonymous_12)
FN:150,(anonymous_13)
FN:173,(anonymous_14)
FN:211,(anonymous_15)
FN:222,(anonymous_16)
FN:228,(anonymous_17)
FN:253,(anonymous_18)
FN:265,(anonymous_19)
FN:269,(anonymous_20)
FN:286,(anonymous_21)
FN:300,(anonymous_22)
FNF:22
FNH:0
FNDA:0,TakeQuizComponent
FNDA:0,(anonymous_2)
FNDA:0,(anonymous_3)
FNDA:0,(anonymous_4)
FNDA:0,preventDefaultAction
FNDA:0,(anonymous_6)
FNDA:0,(anonymous_7)
FNDA:0,(anonymous_8)
FNDA:0,(anonymous_9)
FNDA:0,(anonymous_10)
FNDA:0,(anonymous_11)
FNDA:0,(anonymous_12)
FNDA:0,(anonymous_13)
FNDA:0,(anonymous_14)
FNDA:0,(anonymous_15)
FNDA:0,(anonymous_16)
FNDA:0,(anonymous_17)
FNDA:0,(anonymous_18)
FNDA:0,(anonymous_19)
FNDA:0,(anonymous_20)
FNDA:0,(anonymous_21)
FNDA:0,(anonymous_22)
DA:13,1
DA:21,0
DA:22,0
DA:30,0
DA:32,0
DA:33,0
DA:34,0
DA:35,0
DA:36,0
DA:38,1
DA:39,0
DA:40,0
DA:41,0
DA:42,0
DA:43,0
DA:44,0
DA:45,0
DA:46,0
DA:47,0
DA:48,0
DA:50,0
DA:52,0
DA:55,0
DA:58,0
DA:62,0
DA:63,0
DA:67,1
DA:68,0
DA:69,0
DA:70,0
DA:71,0
DA:72,0
DA:74,0
DA:76,0
DA:78,0
DA:80,0
DA:83,0
DA:84,0
DA:86,0
DA:87,0
DA:90,0
DA:91,0
DA:98,1
DA:100,0
DA:102,0
DA:104,0
DA:106,0
DA:110,1
DA:111,0
DA:112,0
DA:113,0
DA:114,0
DA:115,0
DA:117,0
DA:120,0
DA:121,0
DA:122,0
DA:123,0
DA:126,1
DA:127,0
DA:130,0
DA:134,0
DA:135,0
DA:136,0
DA:139,0
DA:140,0
DA:141,0
DA:143,0
DA:144,0
DA:146,0
DA:150,1
DA:151,0
DA:152,0
DA:153,0
DA:154,0
DA:155,0
DA:156,0
DA:159,0
DA:162,0
DA:173,0
DA:175,0
DA:177,0
DA:180,0
DA:182,0
DA:186,0
DA:188,0
DA:191,0
DA:193,0
DA:195,0
DA:196,0
DA:199,0
DA:200,0
DA:201,0
DA:202,0
DA:205,0
DA:207,0
DA:208,0
DA:211,1
DA:212,0
DA:213,0
DA:215,0
DA:217,0
DA:218,0
DA:219,0
DA:222,1
DA:223,0
DA:224,0
DA:225,0
DA:228,1
DA:230,0
DA:231,0
DA:232,0
DA:233,0
DA:234,0
DA:235,0
DA:236,0
DA:237,0
DA:238,0
DA:240,0
DA:247,0
DA:253,0
DA:255,0
DA:258,0
DA:261,0
DA:265,1
DA:266,0
DA:269,1
DA:271,0
DA:274,0
DA:276,0
DA:277,0
DA:278,0
DA:280,0
DA:282,0
DA:283,0
DA:286,1
DA:289,0
DA:292,0
DA:296,0
DA:300,1
DA:301,0
DA:302,0
DA:303,0
DA:304,0
DA:305,0
DA:307,0
DA:311,1
LF:147
LH:15
BRDA:76,0,0,0
BRDA:76,0,1,0
BRDA:85,1,0,0
BRDA:85,1,1,0
BRDA:89,2,0,0
BRDA:89,2,1,0
BRDA:128,3,0,0
BRDA:128,3,1,0
BRDA:128,3,2,0
BRF:9
BRH:0
end_of_record
TN:
SF:/home/nineleaps/Internal/AssessmentSystem/WebApp/src/app/features/employee/components/take-quiz/instructions/instructions.component.ts
FN:10,InstructionsComponent
FN:12,(anonymous_2)
FNF:2
FNH:2
FNDA:1,InstructionsComponent
FNDA:1,(anonymous_2)
DA:8,1
DA:12,1
DA:15,1
LF:3
LH:3
BRF:0
BRH:0
end_of_record
TN:
SF:/home/nineleaps/Internal/AssessmentSystem/WebApp/src/app/features/employee/services/employee.service.ts
FN:25,EmployeeService
FN:27,(anonymous_2)
FNF:2
FNH:1
FNDA:2,EmployeeService
FNDA:0,(anonymous_2)
DA:7,1
DA:22,2
DA:27,1
DA:28,0
DA:30,1
LF:5
LH:4
BRF:0
BRH:0
end_of_record
TN:
SF:/home/nineleaps/Internal/AssessmentSystem/WebApp/src/app/features/reporting-user/reporting-user.component.ts
FN:22,ReportingUserComponent
FN:27,(anonymous_2)
FN:36,(anonymous_3)
FN:37,(anonymous_4)
FN:45,(anonymous_5)
FN:46,(anonymous_6)
FNF:6
FNH:0
FNDA:0,ReportingUserComponent
FNDA:0,(anonymous_2)
FNDA:0,(anonymous_3)
FNDA:0,(anonymous_4)
FNDA:0,(anonymous_5)
FNDA:0,(anonymous_6)
DA:12,1
DA:22,0
DA:23,0
DA:24,0
DA:25,0
DA:27,1
DA:28,0
DA:29,0
DA:30,0
DA:31,0
DA:32,0
DA:33,0
DA:36,1
DA:37,0
DA:38,0
DA:39,0
DA:40,0
DA:42,0
DA:45,1
DA:46,0
DA:47,0
DA:48,0
DA:49,0
DA:50,0
DA:52,0
DA:55,1
LF:26
LH:5
BRF:0
BRH:0
end_of_record
TN:
SF:/home/nineleaps/Internal/AssessmentSystem/WebApp/src/app/features/reporting-user/components/analytics-by-quiz/analytics-by-quiz.component.ts
FN:17,AnalyticsByQuizComponent
FN:21,(anonymous_2)
FN:26,(anonymous_3)
FN:31,(anonymous_4)
FN:32,(anonymous_5)
FN:39,(anonymous_6)
FNF:6
FNH:0
FNDA:0,AnalyticsByQuizComponent
FNDA:0,(anonymous_2)
FNDA:0,(anonymous_3)
FNDA:0,(anonymous_4)
FNDA:0,(anonymous_5)
FNDA:0,(anonymous_6)
DA:11,1
DA:12,0
DA:14,0
DA:17,0
DA:18,0
DA:19,0
DA:21,1
DA:22,0
DA:26,0
DA:27,0
DA:31,1
DA:32,0
DA:33,0
DA:34,0
DA:36,0
DA:39,1
DA:40,0
DA:41,0
DA:44,1
LF:19
LH:5
BRF:0
BRH:0
end_of_record
TN:
SF:/home/nineleaps/Internal/AssessmentSystem/WebApp/src/app/features/reporting-user/components/analytics-by-quiz/details/details.component.ts
FN:28,DetailsComponent
FN:22,(anonymous_2)
FN:32,(anonymous_3)
FN:34,(anonymous_4)
FN:44,(anonymous_5)
FN:45,(anonymous_6)
FNF:6
FNH:0
FNDA:0,DetailsComponent
FNDA:0,(anonymous_2)
FNDA:0,(anonymous_3)
FNDA:0,(anonymous_4)
FNDA:0,(anonymous_5)
FNDA:0,(anonymous_6)
DA:12,1
DA:13,0
DA:14,0
DA:15,0
DA:18,0
DA:19,0
DA:23,0
DA:28,0
DA:29,0
DA:30,0
DA:32,1
DA:34,0
DA:35,0
DA:36,0
DA:37,0
DA:40,0
DA:44,1
DA:45,0
DA:46,0
DA:47,0
DA:48,0
DA:49,0
DA:50,0
DA:51,0
DA:52,0
DA:54,0
DA:56,1
LF:27
LH:4
BRF:0
BRH:0
end_of_record
TN:
SF:/home/nineleaps/Internal/AssessmentSystem/WebApp/src/app/features/reporting-user/components/analytics-by-tag/analytics-by-tag.component.ts
FN:22,AnalyticsByTagComponent
FN:36,(anonymous_2)
FN:53,(anonymous_3)
FN:67,(anonymous_4)
FN:68,(anonymous_5)
FN:77,(anonymous_6)
FN:78,(anonymous_7)
FNF:7
FNH:0
FNDA:0,AnalyticsByTagComponent
FNDA:0,(anonymous_2)
FNDA:0,(anonymous_3)
FNDA:0,(anonymous_4)
FNDA:0,(anonymous_5)
FNDA:0,(anonymous_6)
FNDA:0,(anonymous_7)
DA:13,1
DA:16,0
DA:17,0
DA:18,0
DA:19,0
DA:20,0
DA:22,0
DA:23,0
DA:26,0
DA:37,0
DA:43,0
DA:44,0
DA:46,0
DA:50,0
DA:54,0
DA:59,0
DA:62,0
DA:63,0
DA:65,0
DA:67,1
DA:68,0
DA:69,0
DA:71,0
DA:77,1
DA:78,0
DA:79,0
DA:81,0
DA:84,0
DA:87,0
DA:90,0
DA:95,0
DA:96,0
DA:97,0
DA:101,0
DA:103,0
DA:106,1
LF:36
LH:4
BRF:0
BRH:0
end_of_record
TN:
SF:/home/nineleaps/Internal/AssessmentSystem/WebApp/src/app/features/reporting-user/components/analytics-by-user/analytics-by-user.component.ts
FN:13,AnalyticsByUserComponent
FN:22,(anonymous_2)
FN:29,(anonymous_3)
FN:34,(anonymous_4)
FN:35,(anonymous_5)
FN:43,(anonymous_6)
FNF:6
FNH:0
FNDA:0,AnalyticsByUserComponent
FNDA:0,(anonymous_2)
FNDA:0,(anonymous_3)
FNDA:0,(anonymous_4)
FNDA:0,(anonymous_5)
FNDA:0,(anonymous_6)
DA:11,1
DA:13,0
DA:14,0
DA:15,0
DA:17,0
DA:19,0
DA:22,1
DA:24,0
DA:29,0
DA:30,0
DA:34,1
DA:35,0
DA:36,0
DA:38,0
DA:40,0
DA:43,1
DA:44,0
DA:45,0
DA:48,1
LF:19
LH:5
BRF:0
BRH:0
end_of_record
TN:
SF:/home/nineleaps/Internal/AssessmentSystem/WebApp/src/app/features/reporting-user/components/analytics-by-user/view-user-details/view-user-details.component.ts
FN:32,ViewUserDetailsComponent
FN:26,(anonymous_2)
FN:44,(anonymous_3)
FN:51,(anonymous_4)
FN:60,(anonymous_5)
FN:61,(anonymous_6)
FN:73,(anonymous_7)
FN:74,(anonymous_8)
FN:84,(anonymous_9)
FNF:9
FNH:0
FNDA:0,ViewUserDetailsComponent
FNDA:0,(anonymous_2)
FNDA:0,(anonymous_3)
FNDA:0,(anonymous_4)
FNDA:0,(anonymous_5)
FNDA:0,(anonymous_6)
FNDA:0,(anonymous_7)
FNDA:0,(anonymous_8)
FNDA:0,(anonymous_9)
DA:14,1
DA:17,0
DA:18,0
DA:19,0
DA:22,0
DA:23,0
DA:27,0
DA:33,0
DA:34,0
DA:35,0
DA:36,0
DA:38,0
DA:39,0
DA:44,1
DA:45,0
DA:51,0
DA:52,0
DA:53,0
DA:56,0
DA:60,1
DA:61,0
DA:62,0
DA:63,0
DA:64,0
DA:65,0
DA:66,0
DA:67,0
DA:68,0
DA:70,0
DA:73,1
DA:74,0
DA:75,0
DA:76,0
DA:78,0
DA:81,0
DA:84,1
DA:86,1
LF:37
LH:6
BRF:0
BRH:0
end_of_record
TN:
SF:/home/nineleaps/Internal/AssessmentSystem/WebApp/src/app/features/reporting-user/components/mainnav4/mainnav4.component.ts
FN:24,Mainnav4Component
FN:19,(anonymous_2)
FN:30,(anonymous_3)
FN:32,(anonymous_4)
FN:41,(anonymous_5)
FN:44,(anonymous_6)
FN:53,(anonymous_7)
FN:58,(anonymous_8)
FNF:8
FNH:0
FNDA:0,Mainnav4Component
FNDA:0,(anonymous_2)
FNDA:0,(anonymous_3)
FNDA:0,(anonymous_4)
FNDA:0,(anonymous_5)
FNDA:0,(anonymous_6)
FNDA:0,(anonymous_7)
FNDA:0,(anonymous_8)
DA:15,1
DA:17,0
DA:19,0
DA:25,0
DA:26,0
DA:27,0
DA:28,0
DA:30,1
DA:31,0
DA:32,0
DA:34,0
DA:35,0
DA:38,0
DA:41,1
DA:42,0
DA:43,0
DA:44,0
DA:46,0
DA:47,0
DA:50,0
DA:53,1
DA:54,0
DA:55,0
DA:58,1
DA:59,0
DA:60,0
DA:63,1
LF:27
LH:6
BRF:0
BRH:0
end_of_record
TN:
SF:/home/nineleaps/Internal/AssessmentSystem/WebApp/src/app/features/reporting-user/services/reporting-user.service.ts
FN:3,ReportingUserService
FN:9,(anonymous_2)
FNF:2
FNH:1
FNDA:1,ReportingUserService
FNDA:0,(anonymous_2)
DA:6,1
DA:7,1
DA:9,1
DA:10,1
LF:4
LH:4
BRF:0
BRH:0
end_of_record
TN:
SF:/home/nineleaps/Internal/AssessmentSystem/WebApp/src/app/features/test-admin/test-admin.component.ts
FN:19,TestAdminComponent
FN:24,(anonymous_2)
FN:33,(anonymous_3)
FN:34,(anonymous_4)
FN:42,(anonymous_5)
FN:43,(anonymous_6)
FNF:6
FNH:0
FNDA:0,TestAdminComponent
FNDA:0,(anonymous_2)
FNDA:0,(anonymous_3)
FNDA:0,(anonymous_4)
FNDA:0,(anonymous_5)
FNDA:0,(anonymous_6)
DA:11,1
DA:17,0
DA:19,0
DA:20,0
DA:21,0
DA:22,0
DA:24,1
DA:25,0
DA:26,0
DA:27,0
DA:28,0
DA:29,0
DA:30,0
DA:33,1
DA:34,0
DA:35,0
DA:36,0
DA:37,0
DA:39,0
DA:42,1
DA:43,0
DA:44,0
DA:45,0
DA:47,0
DA:50,1
LF:25
LH:5
BRF:0
BRH:0
end_of_record
TN:
SF:/home/nineleaps/Internal/AssessmentSystem/WebApp/src/app/features/test-admin/components/add-user1/add-user1.component.ts
FN:22,AddUser1Component
FN:28,(anonymous_2)
FN:37,(anonymous_3)
FN:38,(anonymous_4)
FN:39,(anonymous_5)
FN:45,(anonymous_6)
FN:49,(anonymous_7)
FN:50,(anonymous_8)
FN:50,(anonymous_9)
FN:51,(anonymous_10)
FNF:10
FNH:0
FNDA:0,AddUser1Component
FNDA:0,(anonymous_2)
FNDA:0,(anonymous_3)
FNDA:0,(anonymous_4)
FNDA:0,(anonymous_5)
FNDA:0,(anonymous_6)
FNDA:0,(anonymous_7)
FNDA:0,(anonymous_8)
FNDA:0,(anonymous_9)
FNDA:0,(anonymous_10)
DA:15,1
DA:17,0
DA:18,0
DA:22,0
DA:23,0
DA:24,0
DA:25,0
DA:26,0
DA:28,1
DA:29,0
DA:33,0
DA:34,0
DA:37,1
DA:38,0
DA:39,0
DA:40,0
DA:45,1
DA:46,0
DA:49,1
DA:50,0
DA:51,0
DA:52,0
DA:53,0
DA:55,0
DA:58,1
LF:25
LH:6
BRF:0
BRH:0
end_of_record
TN:
SF:/home/nineleaps/Internal/AssessmentSystem/WebApp/src/app/features/test-admin/components/main-nav2/main-nav2.component.ts
FN:20,MainNav2Component
FN:17,(anonymous_2)
FN:25,(anonymous_3)
FN:27,(anonymous_4)
FN:36,(anonymous_5)
FN:39,(anonymous_6)
FN:48,(anonymous_7)
FN:53,(anonymous_8)
FNF:8
FNH:0
FNDA:0,MainNav2Component
FNDA:0,(anonymous_2)
FNDA:0,(anonymous_3)
FNDA:0,(anonymous_4)
FNDA:0,(anonymous_5)
FNDA:0,(anonymous_6)
FNDA:0,(anonymous_7)
FNDA:0,(anonymous_8)
DA:14,1
DA:15,0
DA:17,0
DA:18,0
DA:20,0
DA:21,0
DA:22,0
DA:23,0
DA:25,1
DA:26,0
DA:27,0
DA:29,0
DA:30,0
DA:33,0
DA:36,1
DA:37,0
DA:38,0
DA:39,0
DA:41,0
DA:42,0
DA:45,0
DA:48,1
DA:49,0
DA:50,0
DA:53,1
DA:54,0
DA:55,0
DA:58,1
LF:28
LH:6
BRF:0
BRH:0
end_of_record
TN:
SF:/home/nineleaps/Internal/AssessmentSystem/WebApp/src/app/features/test-admin/components/retrieve-schedule/retrieve-schedule.component.ts
FN:30,RetrieveScheduleComponent
FN:26,(anonymous_2)
FN:39,(anonymous_3)
FN:52,(anonymous_4)
FN:57,(anonymous_5)
FN:58,(anonymous_6)
FN:67,(anonymous_7)
FN:68,(anonymous_8)
FN:79,(anonymous_9)
FN:87,(anonymous_10)
FN:91,(anonymous_11)
FN:99,(anonymous_12)
FN:107,(anonymous_13)
FNF:13
FNH:0
FNDA:0,RetrieveScheduleComponent
FNDA:0,(anonymous_2)
FNDA:0,(anonymous_3)
FNDA:0,(anonymous_4)
FNDA:0,(anonymous_5)
FNDA:0,(anonymous_6)
FNDA:0,(anonymous_7)
FNDA:0,(anonymous_8)
FNDA:0,(anonymous_9)
FNDA:0,(anonymous_10)
FNDA:0,(anonymous_11)
FNDA:0,(anonymous_12)
FNDA:0,(anonymous_13)
DA:17,1
DA:19,0
DA:20,0
DA:26,1
DA:27,0
DA:31,0
DA:32,0
DA:33,0
DA:34,0
DA:35,0
DA:36,0
DA:39,1
DA:40,0
DA:44,0
DA:48,0
DA:52,0
DA:53,0
DA:57,1
DA:58,0
DA:59,0
DA:61,0
DA:64,0
DA:67,1
DA:68,0
DA:70,0
DA:72,0
DA:73,0
DA:76,0
DA:79,1
DA:80,0
DA:81,0
DA:82,0
DA:83,0
DA:84,0
DA:85,0
DA:86,0
DA:87,0
DA:88,0
DA:91,1
DA:92,0
DA:93,0
DA:94,0
DA:95,0
DA:96,0
DA:97,0
DA:98,0
DA:99,0
DA:100,0
DA:101,0
DA:102,0
DA:104,0
DA:107,1
DA:108,0
DA:110,1
LF:54
LH:9
BRF:0
BRH:0
end_of_record
TN:
SF:/home/nineleaps/Internal/AssessmentSystem/WebApp/src/app/features/test-admin/components/retrieve-schedule/add-user/add-user.component.ts
FN:27,AddUserComponent
FN:34,(anonymous_2)
FN:48,(anonymous_3)
FN:53,(anonymous_4)
FN:54,(anonymous_5)
FN:63,(anonymous_6)
FN:69,(anonymous_7)
FN:74,(anonymous_8)
FN:79,(anonymous_9)
FN:86,(anonymous_10)
FNF:10
FNH:0
FNDA:0,AddUserComponent
FNDA:0,(anonymous_2)
FNDA:0,(anonymous_3)
FNDA:0,(anonymous_4)
FNDA:0,(anonymous_5)
FNDA:0,(anonymous_6)
FNDA:0,(anonymous_7)
FNDA:0,(anonymous_8)
FNDA:0,(anonymous_9)
FNDA:0,(anonymous_10)
DA:18,1
DA:20,0
DA:21,0
DA:28,0
DA:29,0
DA:30,0
DA:31,0
DA:32,0
DA:34,1
DA:35,0
DA:39,0
DA:43,0
DA:48,0
DA:49,0
DA:53,1
DA:54,0
DA:55,0
DA:57,0
DA:60,0
DA:63,1
DA:64,0
DA:65,0
DA:66,0
DA:67,0
DA:68,0
DA:69,0
DA:70,0
DA:74,1
DA:75,0
DA:76,0
DA:77,0
DA:78,0
DA:79,0
DA:81,0
DA:84,0
DA:85,0
DA:86,0
DA:87,0
DA:88,0
DA:90,0
DA:93,0
DA:95,1
LF:42
LH:6
BRF:0
BRH:0
end_of_record
TN:
SF:/home/nineleaps/Internal/AssessmentSystem/WebApp/src/app/features/test-admin/components/retrieve-schedule/archived-schedule/archived-schedule.component.ts
FN:24,ArchivedScheduleComponent
FN:28,(anonymous_2)
FN:43,(anonymous_3)
FN:48,(anonymous_4)
FN:49,(anonymous_5)
FN:58,(anonymous_6)
FN:60,(anonymous_7)
FN:68,(anonymous_8)
FNF:8
FNH:0
FNDA:0,ArchivedScheduleComponent
FNDA:0,(anonymous_2)
FNDA:0,(anonymous_3)
FNDA:0,(anonymous_4)
FNDA:0,(anonymous_5)
FNDA:0,(anonymous_6)
FNDA:0,(anonymous_7)
FNDA:0,(anonymous_8)
DA:14,1
DA:17,0
DA:19,0
DA:24,0
DA:25,0
DA:26,0
DA:28,1
DA:29,0
DA:33,0
DA:38,0
DA:43,0
DA:44,0
DA:48,1
DA:49,0
DA:50,0
DA:52,0
DA:55,0
DA:58,1
DA:60,0
DA:61,0
DA:62,0
DA:64,0
DA:68,1
DA:69,0
DA:72,1
LF:25
LH:6
BRF:0
BRH:0
end_of_record
TN:
SF:/home/nineleaps/Internal/AssessmentSystem/WebApp/src/app/features/test-admin/components/retrieve-schedule/create-schedule/create-schedule.component.ts
FN:27,CreateScheduleComponent
FN:35,(anonymous_2)
FN:39,(anonymous_3)
FN:45,(anonymous_4)
FN:54,(anonymous_5)
FN:55,(anonymous_6)
FN:61,(anonymous_7)
FN:71,(anonymous_8)
FNF:8
FNH:0
FNDA:0,CreateScheduleComponent
FNDA:0,(anonymous_2)
FNDA:0,(anonymous_3)
FNDA:0,(anonymous_4)
FNDA:0,(anonymous_5)
FNDA:0,(anonymous_6)
FNDA:0,(anonymous_7)
FNDA:0,(anonymous_8)
DA:15,1
DA:17,0
DA:18,0
DA:19,0
DA:21,0
DA:22,0
DA:23,0
DA:24,0
DA:28,0
DA:29,0
DA:30,0
DA:31,0
DA:32,0
DA:35,1
DA:36,0
DA:37,0
DA:38,0
DA:39,0
DA:40,0
DA:42,0
DA:45,1
DA:47,0
DA:49,0
DA:50,0
DA:51,0
DA:54,1
DA:55,0
DA:56,0
DA:57,0
DA:59,0
DA:61,1
DA:62,0
DA:63,0
DA:65,0
DA:67,0
DA:71,1
DA:72,0
DA:74,0
DA:76,0
DA:79,1
LF:40
LH:7
BRDA:73,0,0,0
BRDA:73,0,1,0
BRF:2
BRH:0
end_of_record
TN:
SF:/home/nineleaps/Internal/AssessmentSystem/WebApp/src/app/features/test-admin/components/retrieve-schedule/view-schedule/view-schedule.component.ts
FN:27,ViewScheduleComponent
FN:36,(anonymous_2)
FN:49,(anonymous_3)
FN:50,(anonymous_4)
FN:56,(anonymous_5)
FN:57,(anonymous_6)
FN:64,(anonymous_7)
FN:65,(anonymous_8)
FN:72,(anonymous_9)
FN:82,(anonymous_10)
FNF:10
FNH:0
FNDA:0,ViewScheduleComponent
FNDA:0,(anonymous_2)
FNDA:0,(anonymous_3)
FNDA:0,(anonymous_4)
FNDA:0,(anonymous_5)
FNDA:0,(anonymous_6)
FNDA:0,(anonymous_7)
FNDA:0,(anonymous_8)
FNDA:0,(anonymous_9)
FNDA:0,(anonymous_10)
DA:16,1
DA:17,0
DA:22,0
DA:23,0
DA:27,0
DA:28,0
DA:29,0
DA:30,0
DA:31,0
DA:32,0
DA:33,0
DA:34,0
DA:36,1
DA:37,0
DA:38,0
DA:40,0
DA:41,0
DA:43,0
DA:45,0
DA:46,0
DA:49,1
DA:50,0
DA:51,0
DA:53,0
DA:56,1
DA:57,0
DA:58,0
DA:59,0
DA:61,0
DA:64,1
DA:65,0
DA:66,0
DA:67,0
DA:69,0
DA:72,1
DA:73,0
DA:74,0
DA:76,0
DA:78,0
DA:82,1
DA:83,0
DA:85,0
DA:87,0
DA:90,1
LF:44
LH:8
BRDA:84,0,0,0
BRDA:84,0,1,0
BRF:2
BRH:0
end_of_record
TN:
SF:/home/nineleaps/Internal/AssessmentSystem/WebApp/src/app/features/test-admin/services/test-admin.service.ts
FN:10,TestAdminService
FNF:1
FNH:1
FNDA:1,TestAdminService
DA:8,1
DA:13,1
DA:17,1
DA:19,1
LF:4
LH:4
BRF:0
BRH:0
end_of_record
TN:
SF:/home/nineleaps/Internal/AssessmentSystem/WebApp/src/app/services/loader-interceptor.service.ts
FN:8,LoaderInterceptorService
FN:9,(anonymous_2)
FN:12,(anonymous_3)
FNF:3
FNH:0
FNDA:0,LoaderInterceptorService
FNDA:0,(anonymous_2)
FNDA:0,(anonymous_3)
DA:7,1
DA:8,0
DA:9,1
DA:10,0
DA:11,0
DA:12,0
DA:15,1
LF:7
LH:3
BRF:0
BRH:0
end_of_record
TN:
SF:/home/nineleaps/Internal/AssessmentSystem/WebApp/src/app/services/loader-service.service.ts
FN:3,LoaderServiceService
FN:6,(anonymous_2)
FN:9,(anonymous_3)
FNF:3
FNH:0
FNDA:0,LoaderServiceService
FNDA:0,(anonymous_2)
FNDA:0,(anonymous_3)
DA:4,1
DA:5,0
DA:6,1
DA:7,0
DA:9,1
DA:10,0
DA:12,1
LF:7
LH:4
BRF:0
BRH:0
end_of_record
TN:
SF:/home/nineleaps/Internal/AssessmentSystem/WebApp/src/app/services/storage.service.ts
FN:9,StorageService
FN:11,(anonymous_2)
FN:20,(anonymous_3)
FN:26,(anonymous_4)
FN:30,(anonymous_5)
FN:35,(anonymous_6)
FN:48,(anonymous_7)
FNF:7
FNH:1
FNDA:1,StorageService
FNDA:0,(anonymous_2)
FNDA:0,(anonymous_3)
FNDA:0,(anonymous_4)
FNDA:0,(anonymous_5)
FNDA:0,(anonymous_6)
FNDA:0,(anonymous_7)
DA:6,1
DA:8,1
DA:11,1
DA:12,0
DA:13,0
DA:14,0
DA:15,0
DA:16,0
DA:17,0
DA:20,1
DA:21,0
DA:22,0
DA:23,0
DA:26,1
DA:27,0
DA:30,1
DA:31,0
DA:32,0
DA:35,1
DA:36,0
DA:37,0
DA:38,0
DA:45,0
DA:48,1
DA:49,0
DA:50,0
DA:52,0
DA:59,0
DA:62,1
LF:29
LH:9
BRF:0
BRH:0
end_of_record
TN:
SF:/home/nineleaps/Internal/AssessmentSystem/WebApp/src/environments/environment.ts
FNF:0
FNH:0
LF:0
LH:0
BRF:0
BRH:0
end_of_record
